<?xml version="1.0" encoding="UTF-8"?>
<testng-results skipped="0" failed="0" ignored="0" total="2" passed="2">
  <reporter-output>
  </reporter-output>
  <suite name="Default suite" duration-ms="24476" started-at="2020-12-25T13:33:43Z" finished-at="2020-12-25T13:34:07Z">
    <groups>
    </groups>
    <test name="Default test" duration-ms="24476" started-at="2020-12-25T13:33:43Z" finished-at="2020-12-25T13:34:07Z">
      <class name="com.testcases.Assignment1_1">
        <test-method status="PASS" signature="TC_01()[pri:1, instance:com.testcases.Assignment1_1@3d74bf60]" name="TC_01" duration-ms="20787" started-at="2020-12-25T13:33:43Z" finished-at="2020-12-25T13:34:03Z">
          <reporter-output>
          </reporter-output>
        </test-method> <!-- TC_01 -->
        <test-method status="PASS" signature="TC_02()[pri:2, instance:com.testcases.Assignment1_1@3d74bf60]" name="TC_02" duration-ms="3639" started-at="2020-12-25T13:34:03Z" finished-at="2020-12-25T13:34:07Z">
          <reporter-output>
          </reporter-output>
        </test-method> <!-- TC_02 -->
      </class> <!-- com.testcases.Assignment1_1 -->
    </test> <!-- Default test -->
  </suite> <!-- Default suite -->
</testng-results>
